{"message":{"content-type":"application/json","user-agent":"PostmanRuntime/7.26.8","accept":"*/*","postman-token":"e64e57a4-ebf8-4560-8e11-7b805afdd112","host":"localhost:1000","accept-encoding":"gzip, deflate, br","connection":"keep-alive","content-length":"303"},"level":"info","timestamp":"2020-12-16T05:56:49.076Z"}
{"level":"info","timestamp":"2020-12-16T05:56:49.127Z"}
{"message":{"content-type":"application/json","user-agent":"PostmanRuntime/7.26.8","accept":"*/*","postman-token":"b2f90d70-8268-4cfb-8be3-70ac1b7bf7e0","host":"localhost:1000","accept-encoding":"gzip, deflate, br","connection":"keep-alive","content-length":"303"},"level":"info","timestamp":"2020-12-16T06:06:46.277Z"}
{"level":"info","timestamp":"2020-12-16T06:06:46.280Z"}
{"message":{"content-type":"application/json","user-agent":"PostmanRuntime/7.26.8","accept":"*/*","postman-token":"cefbaeaf-c817-4894-83a9-81bd6ed4ecc4","host":"localhost:1000","accept-encoding":"gzip, deflate, br","connection":"keep-alive","content-length":"303"},"level":"info","timestamp":"2020-12-16T06:14:30.822Z"}
{"level":"info","timestamp":"2020-12-16T06:14:30.823Z"}
{"message":{"content-type":"application/json","user-agent":"PostmanRuntime/7.26.8","accept":"*/*","postman-token":"e50cb384-3387-461e-917c-80a22e89177a","host":"localhost:1000","accept-encoding":"gzip, deflate, br","connection":"keep-alive","content-length":"299"},"level":"info","timestamp":"2020-12-16T06:15:16.542Z"}
{"level":"info","timestamp":"2020-12-16T06:15:16.542Z"}
{"message":{"content-type":"application/json","user-agent":"PostmanRuntime/7.26.8","accept":"*/*","postman-token":"d206a069-06a2-436e-9c69-ab52c4d52ece","host":"localhost:1000","accept-encoding":"gzip, deflate, br","connection":"keep-alive","content-length":"302"},"level":"info","timestamp":"2020-12-16T06:33:16.633Z"}
{"level":"info","timestamp":"2020-12-16T06:33:16.637Z"}
{"message":{"content-type":"application/json","user-agent":"PostmanRuntime/7.26.8","accept":"*/*","postman-token":"1d7dbbc2-8aa2-421b-816d-acffa0d29a43","host":"localhost:1000","accept-encoding":"gzip, deflate, br","connection":"keep-alive","content-length":"303"},"level":"info","timestamp":"2020-12-16T06:37:56.755Z"}
{"level":"info","timestamp":"2020-12-16T06:37:56.759Z"}
{"message":{"content-type":"application/json","user-agent":"PostmanRuntime/7.26.8","accept":"*/*","postman-token":"38f14ac0-375d-4112-9062-7d2fafae392e","host":"localhost:1000","accept-encoding":"gzip, deflate, br","connection":"keep-alive","content-length":"89"},"level":"info","timestamp":"2020-12-16T07:26:17.695Z"}
{"level":"info","timestamp":"2020-12-16T07:26:17.720Z"}
{"message":{"content-type":"application/json","user-agent":"PostmanRuntime/7.26.8","accept":"*/*","postman-token":"1f380afb-370a-48ff-a47d-9f61f5ec64a6","host":"localhost:1000","accept-encoding":"gzip, deflate, br","connection":"keep-alive","content-length":"89"},"level":"info","timestamp":"2020-12-16T07:29:58.359Z"}
{"level":"info","timestamp":"2020-12-16T07:29:58.366Z"}
{"message":{"content-type":"application/json","user-agent":"PostmanRuntime/7.26.8","accept":"*/*","postman-token":"17284527-cc18-4069-8856-d2da414df7ab","host":"localhost:1000","accept-encoding":"gzip, deflate, br","connection":"keep-alive","content-length":"89"},"level":"info","timestamp":"2020-12-16T08:31:28.317Z"}
{"level":"info","timestamp":"2020-12-16T08:31:28.334Z"}
{"message":{"content-type":"application/json","user-agent":"PostmanRuntime/7.26.8","accept":"*/*","postman-token":"d7df0cd4-2fe6-4b58-a8ed-f7fdaaeb33ff","host":"localhost:1000","accept-encoding":"gzip, deflate, br","connection":"keep-alive","content-length":"89"},"level":"info","timestamp":"2020-12-16T08:32:20.392Z"}
{"level":"info","timestamp":"2020-12-16T08:32:20.395Z"}
{"message":{"content-type":"application/json","user-agent":"PostmanRuntime/7.26.8","accept":"*/*","postman-token":"469b75eb-3262-41d4-85eb-b506fad275ab","host":"localhost:1000","accept-encoding":"gzip, deflate, br","connection":"keep-alive","content-length":"303"},"level":"info","timestamp":"2020-12-16T08:38:18.086Z"}
{"level":"info","timestamp":"2020-12-16T08:38:18.108Z"}
{"message":{"content-type":"application/json","user-agent":"PostmanRuntime/7.26.8","accept":"*/*","postman-token":"2b59f05d-96e7-458e-b3df-b8276d9c2a5c","host":"localhost:1000","accept-encoding":"gzip, deflate, br","connection":"keep-alive","content-length":"59"},"level":"info","timestamp":"2020-12-16T08:38:54.389Z"}
{"level":"info","timestamp":"2020-12-16T08:38:54.390Z"}
{"message":{"content-type":"application/json","user-agent":"PostmanRuntime/7.26.8","accept":"*/*","postman-token":"62ab0d6e-a23d-405b-9b71-42320a5fd778","host":"localhost:1000","accept-encoding":"gzip, deflate, br","connection":"keep-alive","content-length":"33"},"level":"info","timestamp":"2020-12-16T08:42:06.696Z"}
{"level":"info","timestamp":"2020-12-16T08:42:06.703Z"}
{"message":{"content-type":"application/json","user-agent":"PostmanRuntime/7.26.8","accept":"*/*","postman-token":"fe22045e-20f4-4fa4-8284-80c03f316a22","host":"localhost:1000","accept-encoding":"gzip, deflate, br","connection":"keep-alive","content-length":"33"},"level":"info","timestamp":"2020-12-16T08:43:53.033Z"}
{"level":"info","timestamp":"2020-12-16T08:43:53.042Z"}
{"message":{"content-type":"application/json","user-agent":"PostmanRuntime/7.26.8","accept":"*/*","postman-token":"bc9121df-3a94-4e67-800e-6652075c4d95","host":"localhost:1000","accept-encoding":"gzip, deflate, br","connection":"keep-alive","content-length":"33"},"level":"info","timestamp":"2020-12-16T08:46:34.317Z"}
{"level":"info","timestamp":"2020-12-16T08:46:34.323Z"}
{"message":{"content-type":"application/json","user-agent":"PostmanRuntime/7.26.8","accept":"*/*","postman-token":"15d319a8-44c7-4dbe-af96-293584e1494b","host":"localhost:1000","accept-encoding":"gzip, deflate, br","connection":"keep-alive","content-length":"59"},"level":"info","timestamp":"2020-12-16T09:24:37.588Z"}
{"level":"info","timestamp":"2020-12-16T09:24:37.597Z"}
{"message":{"content-type":"application/json","user-agent":"PostmanRuntime/7.26.8","accept":"*/*","postman-token":"8ec54f56-6770-4565-94f1-7dd67dd4ed7a","host":"localhost:1000","accept-encoding":"gzip, deflate, br","connection":"keep-alive","content-length":"58","cookie":"token=eyJhbGciOiJIUzI1NiJ9.YWJpcmFtMTIzNA.RXX-a2008GXVX6KM-LL5RpeaP9exHJr4qXt48G_h9kc"},"level":"info","timestamp":"2020-12-16T09:25:24.391Z"}
{"level":"info","timestamp":"2020-12-16T09:25:24.391Z"}
{"message":{"content-type":"application/json","user-agent":"PostmanRuntime/7.26.8","accept":"*/*","postman-token":"4a6b0868-ca31-4d3c-956a-b993b01c67d1","host":"localhost:1000","accept-encoding":"gzip, deflate, br","connection":"keep-alive","content-length":"58","cookie":"token=eyJhbGciOiJIUzI1NiJ9.YWJpcmFtMTIzNA.RXX-a2008GXVX6KM-LL5RpeaP9exHJr4qXt48G_h9kc"},"level":"info","timestamp":"2020-12-16T09:25:28.764Z"}
{"level":"info","timestamp":"2020-12-16T09:25:28.765Z"}
{"message":{"content-type":"application/json","user-agent":"PostmanRuntime/7.26.8","accept":"*/*","postman-token":"54714443-40b4-41e3-b9cf-2901a7c109fa","host":"localhost:1000","accept-encoding":"gzip, deflate, br","connection":"keep-alive","content-length":"58","cookie":"token=eyJhbGciOiJIUzI1NiJ9.YWJpcmFtMTIzNA.RXX-a2008GXVX6KM-LL5RpeaP9exHJr4qXt48G_h9kc"},"level":"info","timestamp":"2020-12-16T09:25:30.111Z"}
{"level":"info","timestamp":"2020-12-16T09:25:30.111Z"}
{"message":{"content-type":"application/json","user-agent":"PostmanRuntime/7.26.8","accept":"*/*","postman-token":"b6f5bd36-35d4-4f06-a780-2278065f3df3","host":"localhost:1000","accept-encoding":"gzip, deflate, br","connection":"keep-alive","content-length":"58"},"level":"info","timestamp":"2020-12-16T09:26:55.570Z"}
{"level":"info","timestamp":"2020-12-16T09:26:55.579Z"}
{"message":{"content-type":"application/json","user-agent":"PostmanRuntime/7.26.8","accept":"*/*","postman-token":"faf63b5b-3e8a-48d7-897c-f1627499ccb8","host":"localhost:1000","accept-encoding":"gzip, deflate, br","connection":"keep-alive","content-length":"57"},"level":"info","timestamp":"2020-12-16T09:27:01.964Z"}
{"level":"info","timestamp":"2020-12-16T09:27:01.964Z"}
{"message":{"content-type":"application/json","user-agent":"PostmanRuntime/7.26.8","accept":"*/*","postman-token":"e92c4767-6b3f-4bd2-bcf5-a832fede2e12","host":"localhost:1000","accept-encoding":"gzip, deflate, br","connection":"keep-alive","content-length":"57"},"level":"info","timestamp":"2020-12-16T09:28:14.780Z"}
{"level":"info","timestamp":"2020-12-16T09:28:14.783Z"}
{"message":{"content-type":"application/json","user-agent":"PostmanRuntime/7.26.8","accept":"*/*","postman-token":"91f4225a-a920-4420-88fd-2469befaa778","host":"localhost:1000","accept-encoding":"gzip, deflate, br","connection":"keep-alive","content-length":"57"},"level":"info","timestamp":"2020-12-16T09:30:15.527Z"}
{"level":"info","timestamp":"2020-12-16T09:30:15.532Z"}
{"message":{"content-type":"application/json","user-agent":"PostmanRuntime/7.26.8","accept":"*/*","postman-token":"3e7e165e-86b1-4462-91de-c0a42272bbc1","host":"localhost:1000","accept-encoding":"gzip, deflate, br","connection":"keep-alive","content-length":"57"},"level":"info","timestamp":"2020-12-16T09:32:02.943Z"}
{"level":"info","timestamp":"2020-12-16T09:32:02.947Z"}
{"message":{"content-type":"application/json","user-agent":"PostmanRuntime/7.26.8","accept":"*/*","postman-token":"29384f3d-c859-42b3-8c78-7e8f83af406c","host":"localhost:1000","accept-encoding":"gzip, deflate, br","connection":"keep-alive","content-length":"57"},"level":"info","timestamp":"2020-12-16T09:33:20.524Z"}
{"level":"info","timestamp":"2020-12-16T09:33:20.528Z"}
{"message":{"content-type":"application/json","user-agent":"PostmanRuntime/7.26.8","accept":"*/*","postman-token":"1d080946-4b20-4cfe-af85-55c36983ceb9","host":"localhost:1000","accept-encoding":"gzip, deflate, br","connection":"keep-alive","content-length":"58"},"level":"info","timestamp":"2020-12-16T09:33:40.195Z"}
{"level":"info","timestamp":"2020-12-16T09:33:40.196Z"}
{"message":{"content-type":"application/json","user-agent":"PostmanRuntime/7.26.8","accept":"*/*","postman-token":"27143a58-96ef-41c7-853d-44f8cf1e7b1b","host":"localhost:1000","accept-encoding":"gzip, deflate, br","connection":"keep-alive","content-length":"59"},"level":"info","timestamp":"2020-12-16T09:33:45.556Z"}
{"level":"info","timestamp":"2020-12-16T09:33:45.557Z"}
{"message":{"content-type":"application/json","user-agent":"PostmanRuntime/7.26.8","accept":"*/*","postman-token":"5552d2ba-24fb-4925-a350-7f15e043d8ea","host":"localhost:1000","accept-encoding":"gzip, deflate, br","connection":"keep-alive","content-length":"58"},"level":"info","timestamp":"2020-12-16T09:33:49.316Z"}
{"level":"info","timestamp":"2020-12-16T09:33:49.317Z"}
{"message":{"content-type":"application/json","user-agent":"PostmanRuntime/7.26.8","accept":"*/*","postman-token":"d4e1f614-bd7d-4619-ab14-e11ea30f3c9d","host":"localhost:1000","accept-encoding":"gzip, deflate, br","connection":"keep-alive","content-length":"59"},"level":"info","timestamp":"2020-12-16T09:33:53.998Z"}
{"level":"info","timestamp":"2020-12-16T09:33:53.998Z"}
{"message":{"content-type":"application/json","user-agent":"PostmanRuntime/7.26.8","accept":"*/*","postman-token":"c575dde5-e12d-4bfb-a68f-00c23fe12187","host":"localhost:1000","accept-encoding":"gzip, deflate, br","connection":"keep-alive","content-length":"59"},"level":"info","timestamp":"2020-12-16T09:33:59.023Z"}
{"level":"info","timestamp":"2020-12-16T09:33:59.024Z"}
{"message":{"content-type":"application/json","user-agent":"PostmanRuntime/7.26.8","accept":"*/*","postman-token":"dbbed09f-47c6-4e6a-b7e8-389f7ec70647","host":"localhost:1000","accept-encoding":"gzip, deflate, br","connection":"keep-alive","content-length":"59"},"level":"info","timestamp":"2020-12-16T09:34:07.364Z"}
{"level":"info","timestamp":"2020-12-16T09:34:07.364Z"}
{"message":{"content-type":"application/json","user-agent":"PostmanRuntime/7.26.8","accept":"*/*","postman-token":"eb791245-bdc0-4a05-b13e-473faf1b6bab","host":"localhost:1000","accept-encoding":"gzip, deflate, br","connection":"keep-alive","content-length":"59"},"level":"info","timestamp":"2020-12-16T09:35:38.795Z"}
{"level":"info","timestamp":"2020-12-16T09:35:38.798Z"}
{"message":{"content-type":"application/json","user-agent":"PostmanRuntime/7.26.8","accept":"*/*","postman-token":"24ee7c1f-d4fb-4a02-98de-09fcb3ae2ac1","host":"localhost:1000","accept-encoding":"gzip, deflate, br","connection":"keep-alive","content-length":"59"},"level":"info","timestamp":"2020-12-16T09:35:40.277Z"}
{"level":"info","timestamp":"2020-12-16T09:35:40.277Z"}
{"message":{"content-type":"application/json","user-agent":"PostmanRuntime/7.26.8","accept":"*/*","postman-token":"2d3a1123-7608-440a-b2ba-2d1c6152583d","host":"localhost:1000","accept-encoding":"gzip, deflate, br","connection":"keep-alive","content-length":"59"},"level":"info","timestamp":"2020-12-16T09:35:41.322Z"}
{"level":"info","timestamp":"2020-12-16T09:35:41.323Z"}
{"message":{"content-type":"application/json","user-agent":"PostmanRuntime/7.26.8","accept":"*/*","postman-token":"cf603ff6-ee05-4578-9367-d1786839ab7b","host":"localhost:1000","accept-encoding":"gzip, deflate, br","connection":"keep-alive","content-length":"59"},"level":"info","timestamp":"2020-12-16T09:35:42.245Z"}
{"level":"info","timestamp":"2020-12-16T09:35:42.245Z"}
{"message":{"content-type":"application/json","user-agent":"PostmanRuntime/7.26.8","accept":"*/*","postman-token":"67cbbbf4-c2ec-4b95-9b6a-cd95af753708","host":"localhost:1000","accept-encoding":"gzip, deflate, br","connection":"keep-alive","content-length":"59"},"level":"info","timestamp":"2020-12-16T09:37:36.113Z"}
{"level":"info","timestamp":"2020-12-16T09:37:36.116Z"}
{"message":{"content-type":"application/json","user-agent":"PostmanRuntime/7.26.8","accept":"*/*","postman-token":"983e2c5f-bb90-4ab1-bc03-73da5655ad9f","host":"localhost:1000","accept-encoding":"gzip, deflate, br","connection":"keep-alive","content-length":"58","cookie":"token=eyJhbGciOiJIUzI1NiJ9.YWJpcmFtMTIzNA.RXX-a2008GXVX6KM-LL5RpeaP9exHJr4qXt48G_h9kc"},"level":"info","timestamp":"2020-12-16T09:37:41.317Z"}
{"level":"info","timestamp":"2020-12-16T09:37:41.317Z"}
{"message":{"content-type":"application/json","user-agent":"PostmanRuntime/7.26.8","accept":"*/*","postman-token":"96277411-915c-4b0e-ba87-a11594aace1f","host":"localhost:1000","accept-encoding":"gzip, deflate, br","connection":"keep-alive","content-length":"59","cookie":"token=eyJhbGciOiJIUzI1NiJ9.YWJpcmFtMTIzNA.RXX-a2008GXVX6KM-LL5RpeaP9exHJr4qXt48G_h9kc"},"level":"info","timestamp":"2020-12-16T09:37:47.187Z"}
{"level":"info","timestamp":"2020-12-16T09:37:47.187Z"}
{"message":{"content-type":"application/json","user-agent":"PostmanRuntime/7.26.8","accept":"*/*","postman-token":"fee50636-5625-4a65-a537-42bf9a76ae2a","host":"localhost:1000","accept-encoding":"gzip, deflate, br","connection":"keep-alive","content-length":"58","cookie":"token=eyJhbGciOiJIUzI1NiJ9.YWJpcmFtMTIzNA.RXX-a2008GXVX6KM-LL5RpeaP9exHJr4qXt48G_h9kc"},"level":"info","timestamp":"2020-12-16T09:37:51.820Z"}
{"level":"info","timestamp":"2020-12-16T09:37:51.821Z"}
{"message":{"content-type":"application/json","user-agent":"PostmanRuntime/7.26.8","accept":"*/*","postman-token":"3ff24952-c852-4126-8874-29d45bcf3456","host":"localhost:1000","accept-encoding":"gzip, deflate, br","connection":"keep-alive","content-length":"59","cookie":"token=eyJhbGciOiJIUzI1NiJ9.YWJpcmFtMTIzNA.RXX-a2008GXVX6KM-LL5RpeaP9exHJr4qXt48G_h9kc"},"level":"info","timestamp":"2020-12-16T09:37:56.244Z"}
{"level":"info","timestamp":"2020-12-16T09:37:56.244Z"}
{"message":{"content-type":"application/json","user-agent":"PostmanRuntime/7.26.8","accept":"*/*","postman-token":"98f24a9a-22c0-435e-a946-ba9db0d99be6","host":"localhost:1000","accept-encoding":"gzip, deflate, br","connection":"keep-alive","content-length":"58","cookie":"token=eyJhbGciOiJIUzI1NiJ9.YWJpcmFtMTIzNA.RXX-a2008GXVX6KM-LL5RpeaP9exHJr4qXt48G_h9kc"},"level":"info","timestamp":"2020-12-16T09:38:00.367Z"}
{"level":"info","timestamp":"2020-12-16T09:38:00.368Z"}
{"message":{"content-type":"application/json","user-agent":"PostmanRuntime/7.26.8","accept":"*/*","postman-token":"e620b92c-62c2-4ee7-81ac-c92f2accc438","host":"localhost:1000","accept-encoding":"gzip, deflate, br","connection":"keep-alive","content-length":"59","cookie":"token=eyJhbGciOiJIUzI1NiJ9.YWJpcmFtMTIzNA.RXX-a2008GXVX6KM-LL5RpeaP9exHJr4qXt48G_h9kc"},"level":"info","timestamp":"2020-12-16T09:38:05.222Z"}
{"level":"info","timestamp":"2020-12-16T09:38:05.222Z"}
{"message":{"content-type":"application/json","user-agent":"PostmanRuntime/7.26.8","accept":"*/*","postman-token":"dc42c57c-5f53-4cd9-8427-a1d85e54ba37","host":"localhost:1000","accept-encoding":"gzip, deflate, br","connection":"keep-alive","content-length":"57","cookie":"token=eyJhbGciOiJIUzI1NiJ9.YWJpcmFtMTIzNA.RXX-a2008GXVX6KM-LL5RpeaP9exHJr4qXt48G_h9kc"},"level":"info","timestamp":"2020-12-16T09:38:12.771Z"}
{"level":"info","timestamp":"2020-12-16T09:38:12.771Z"}
{"message":{"content-type":"application/json","user-agent":"PostmanRuntime/7.26.8","accept":"*/*","postman-token":"5eb59e2f-9234-4e23-aaec-98ea19fd0c9a","host":"localhost:1000","accept-encoding":"gzip, deflate, br","connection":"keep-alive","content-length":"58","cookie":"token=eyJhbGciOiJIUzI1NiJ9.YWJpcmFtMTIzNA.RXX-a2008GXVX6KM-LL5RpeaP9exHJr4qXt48G_h9kc"},"level":"info","timestamp":"2020-12-16T09:38:17.657Z"}
{"level":"info","timestamp":"2020-12-16T09:38:17.657Z"}
{"message":{"content-type":"application/json","user-agent":"PostmanRuntime/7.26.8","accept":"*/*","postman-token":"71d8cbd8-58b5-4916-88d2-35534065a86e","host":"localhost:1000","accept-encoding":"gzip, deflate, br","connection":"keep-alive","content-length":"59","cookie":"token=eyJhbGciOiJIUzI1NiJ9.YWJpcmFtMTIzNA.RXX-a2008GXVX6KM-LL5RpeaP9exHJr4qXt48G_h9kc"},"level":"info","timestamp":"2020-12-16T09:38:21.441Z"}
{"level":"info","timestamp":"2020-12-16T09:38:21.441Z"}
{"message":{"user-agent":"PostmanRuntime/7.26.8","accept":"*/*","postman-token":"f9f20e74-ec08-40ad-9d60-346f39d4d25a","host":"localhost:1000","accept-encoding":"gzip, deflate, br","connection":"keep-alive","cookie":"token=eyJhbGciOiJIUzI1NiJ9.YWJpcmFtMTIzNA.RXX-a2008GXVX6KM-LL5RpeaP9exHJr4qXt48G_h9kc"},"level":"info","timestamp":"2020-12-16T09:57:11.834Z"}
{"level":"info","timestamp":"2020-12-16T09:57:11.839Z"}
{"message":{"content-type":"application/json","user-agent":"PostmanRuntime/7.26.8","accept":"*/*","postman-token":"e9be3242-603a-430d-8692-f7e82d91f623","host":"localhost:1000","accept-encoding":"gzip, deflate, br","connection":"keep-alive","content-length":"59","cookie":"token=eyJhbGciOiJIUzI1NiJ9.YWJpcmFtMTIzNA.RXX-a2008GXVX6KM-LL5RpeaP9exHJr4qXt48G_h9kc"},"level":"info","timestamp":"2020-12-16T09:58:42.300Z"}
{"level":"info","timestamp":"2020-12-16T09:58:42.304Z"}
{"message":{"content-type":"application/json","user-agent":"PostmanRuntime/7.26.8","accept":"*/*","postman-token":"ea5777cb-125b-4886-934e-0d53c12a1914","host":"localhost:1000","accept-encoding":"gzip, deflate, br","connection":"keep-alive","content-length":"59","cookie":"token=eyJhbGciOiJIUzI1NiJ9.YWJpcmFtMTIzNA.RXX-a2008GXVX6KM-LL5RpeaP9exHJr4qXt48G_h9kc"},"level":"info","timestamp":"2020-12-16T09:58:50.820Z"}
{"level":"info","timestamp":"2020-12-16T09:58:50.821Z"}
{"message":{"content-type":"application/json","user-agent":"PostmanRuntime/7.26.8","accept":"*/*","postman-token":"2db29661-b29f-405d-b17a-f4b9905110f6","host":"localhost:1000","accept-encoding":"gzip, deflate, br","connection":"keep-alive","content-length":"59"},"level":"info","timestamp":"2020-12-16T09:58:58.262Z"}
{"level":"info","timestamp":"2020-12-16T09:58:58.262Z"}
{"message":{"content-type":"application/json","user-agent":"PostmanRuntime/7.26.8","accept":"*/*","postman-token":"66e01941-119b-4f5c-9476-27e8d893865d","host":"localhost:1000","accept-encoding":"gzip, deflate, br","connection":"keep-alive","content-length":"59"},"level":"info","timestamp":"2020-12-16T09:59:43.113Z"}
{"level":"info","timestamp":"2020-12-16T09:59:43.113Z"}
