{"message":"alu","level":"info","timestamp":"2020-12-22T10:24:07.486Z"}
{"message":"value","level":"info","timestamp":"2020-12-22T10:24:07.490Z"}
{"message":4,"level":"info","timestamp":"2020-12-22T10:24:07.491Z"}
{"message":"2","level":"info","timestamp":"2020-12-22T10:24:07.491Z"}
{"level":"info","timestamp":"2020-12-22T10:24:07.492Z"}
{"message":"cinoy28","level":"info","timestamp":"2020-12-22T10:24:07.495Z"}
{"message":{"username":"cinoy28","password":"123456"},"level":"info","timestamp":"2020-12-22T10:24:07.497Z"}
{"message":2,"level":"info","timestamp":"2020-12-22T10:24:07.498Z"}
{"message":["cinoy28","123456"],"level":"info","timestamp":"2020-12-22T10:24:07.499Z"}
{"message":3,"level":"info","timestamp":"2020-12-22T10:24:07.499Z"}
{"message":["aswin","abi","cinoy"],"level":"info","timestamp":"2020-12-22T10:24:07.499Z"}
{"message":"abi","level":"info","timestamp":"2020-12-22T10:24:07.500Z"}
{"level":"info","timestamp":"2020-12-22T10:24:07.500Z"}
{"message":["rojith","abi"],"level":"info","timestamp":"2020-12-22T10:24:07.500Z"}
{"message":["hello","rojith"],"level":"info","timestamp":"2020-12-22T10:24:07.500Z"}
{"message":["hello","cinoy"],"level":"info","timestamp":"2020-12-22T10:24:07.500Z"}
{"message":1,"level":"info","timestamp":"2020-12-22T10:24:07.501Z"}
{"message":4,"level":"info","timestamp":"2020-12-22T10:24:07.501Z"}
{"message":["ms","pranav","shyam"],"level":"info","timestamp":"2020-12-22T10:24:07.501Z"}
{"message":["ms"],"level":"info","timestamp":"2020-12-22T10:24:07.501Z"}
{"message":["ms","pranav","shyam"],"level":"info","timestamp":"2020-12-22T10:24:07.501Z"}
{"message":["sudan","ribin","ms","pranav","aswin","shyam"],"level":"info","timestamp":"2020-12-22T10:24:07.501Z"}
{"message":"ribin","level":"info","timestamp":"2020-12-22T10:24:07.501Z"}
{"message":"transaction 6","level":"info","timestamp":"2020-12-22T10:24:07.502Z"}
{"message":"transaction sudan,ribin,ms,pranav,aswin,shyam","level":"info","timestamp":"2020-12-22T10:24:07.502Z"}
{"message":2,"level":"info","timestamp":"2020-12-22T10:24:07.502Z"}
{"message":2,"level":"info","timestamp":"2020-12-22T10:24:07.502Z"}
{"message":["one","three","two","naveen","rahul","cinoy"],"level":"info","timestamp":"2020-12-22T10:24:07.502Z"}
{"message":5,"level":"info","timestamp":"2020-12-22T10:24:07.502Z"}
{"message":["cinoy","rahul"],"level":"info","timestamp":"2020-12-22T10:24:07.502Z"}
{"message":["naveen","rahul","cinoy"],"level":"info","timestamp":"2020-12-22T10:24:07.502Z"}
